<?xml version="1.0" encoding="UTF-8"?>
<testsuites>
  <testsuite name="fastlane.lanes">
    
    
    
      
      <testcase classname="fastlane.lanes" name="0: default_platform" time="0.0032616">
        
      </testcase>
    
      
      <testcase classname="fastlane.lanes" name="1: Switch to android increment_development_version lane" time="0.0030506">
        
      </testcase>
    
      
      <testcase classname="fastlane.lanes" name="2: firebase_app_distribution_get_latest_release" time="3.3555874">
        
      </testcase>
    
      
      <testcase classname="fastlane.lanes" name="3: increment_version_code" time="0.0387002">
        
      </testcase>
    
      
      <testcase classname="fastlane.lanes" name="4: flutter_build_increment" time="0.0067722">
        
      </testcase>
    
      
      <testcase classname="fastlane.lanes" name="5: flutter clean" time="1.2299848">
        
      </testcase>
    
      
      <testcase classname="fastlane.lanes" name="6: flutter build apk --release --flavor development --target lib/main_development.dart --no-tree-shake-icons" time="102.6734323">
        
          <failure message="C:/Ruby32-x64/lib/ruby/gems/3.2.0/gems/fastlane-2.219.0/fastlane/lib/fastlane/actions/actions_helper.rb:67:in `execute_action&apos;&#10;C:/Ruby32-x64/lib/ruby/gems/3.2.0/gems/fastlane-2.219.0/fastlane/lib/fastlane/fast_file.rb:222:in `sh&apos;&#10;C:/Ruby32-x64/lib/ruby/gems/3.2.0/gems/fastlane-2.219.0/fastlane/lib/fastlane/fast_file.rb:216:in `sh&apos;&#10;Fastfile:182:in `block (2 levels) in parsing_binding&apos;&#10;C:/Ruby32-x64/lib/ruby/gems/3.2.0/gems/fastlane-2.219.0/fastlane/lib/fastlane/lane.rb:41:in `call&apos;&#10;C:/Ruby32-x64/lib/ruby/gems/3.2.0/gems/fastlane-2.219.0/fastlane/lib/fastlane/runner.rb:49:in `block in execute&apos;&#10;C:/Ruby32-x64/lib/ruby/gems/3.2.0/gems/fastlane-2.219.0/fastlane/lib/fastlane/runner.rb:45:in `chdir&apos;&#10;C:/Ruby32-x64/lib/ruby/gems/3.2.0/gems/fastlane-2.219.0/fastlane/lib/fastlane/runner.rb:45:in `execute&apos;&#10;C:/Ruby32-x64/lib/ruby/gems/3.2.0/gems/fastlane-2.219.0/fastlane/lib/fastlane/lane_manager.rb:46:in `cruise_lane&apos;&#10;C:/Ruby32-x64/lib/ruby/gems/3.2.0/gems/fastlane-2.219.0/fastlane/lib/fastlane/command_line_handler.rb:34:in `handle&apos;&#10;C:/Ruby32-x64/lib/ruby/gems/3.2.0/gems/fastlane-2.219.0/fastlane/lib/fastlane/commands_generator.rb:110:in `block (2 levels) in run&apos;&#10;C:/Ruby32-x64/lib/ruby/gems/3.2.0/gems/commander-4.6.0/lib/commander/command.rb:187:in `call&apos;&#10;C:/Ruby32-x64/lib/ruby/gems/3.2.0/gems/commander-4.6.0/lib/commander/command.rb:157:in `run&apos;&#10;C:/Ruby32-x64/lib/ruby/gems/3.2.0/gems/commander-4.6.0/lib/commander/runner.rb:444:in `run_active_command&apos;&#10;C:/Ruby32-x64/lib/ruby/gems/3.2.0/gems/fastlane-2.219.0/fastlane_core/lib/fastlane_core/ui/fastlane_runner.rb:124:in `run!&apos;&#10;C:/Ruby32-x64/lib/ruby/gems/3.2.0/gems/commander-4.6.0/lib/commander/delegates.rb:18:in `run!&apos;&#10;C:/Ruby32-x64/lib/ruby/gems/3.2.0/gems/fastlane-2.219.0/fastlane/lib/fastlane/commands_generator.rb:354:in `run&apos;&#10;C:/Ruby32-x64/lib/ruby/gems/3.2.0/gems/fastlane-2.219.0/fastlane/lib/fastlane/commands_generator.rb:43:in `start&apos;&#10;C:/Ruby32-x64/lib/ruby/gems/3.2.0/gems/fastlane-2.219.0/fastlane/lib/fastlane/cli_tools_distributor.rb:123:in `take_off&apos;&#10;C:/Ruby32-x64/lib/ruby/gems/3.2.0/gems/fastlane-2.219.0/bin/fastlane:23:in `&lt;top (required)&gt;&apos;&#10;C:/Ruby32-x64/bin/fastlane:32:in `load&apos;&#10;C:/Ruby32-x64/bin/fastlane:32:in `&lt;main&gt;&apos;&#10;&#10;Exit status of command &apos;flutter build apk --release --flavor development --target lib/main_development.dart --no-tree-shake-icons&apos; was 1 instead of 0.&#10;Changing current working directory to: D:\Programming\Flutter\Projects\bns360_graduation_project&#10;Resolving dependencies...&#10;  _flutterfire_internals 1.3.22 (1.3.27 available)&#10;  animated_toggle_switch 0.8.1 (0.8.2 available)&#10;  bloc 8.1.3 (8.1.4 available)&#10;  build_runner 2.4.8 (2.4.9 available)&#10;  cloud_firestore 4.15.5 (4.15.10 available)&#10;  cloud_firestore_platform_interface 6.1.6 (6.1.11 available)&#10;  cloud_firestore_web 3.10.5 (3.10.10 available)&#10;  cross_file 0.3.3+8 (0.3.4+1 available)&#10;  dart_style 2.3.4 (2.3.6 available)&#10;  dio 5.4.1 (5.4.2+1 available)&#10;  firebase_auth 4.17.5 (4.18.0 available)&#10;  firebase_auth_platform_interface 7.1.5 (7.2.0 available)&#10;  firebase_auth_web 5.9.5 (5.10.1 available)&#10;  firebase_core 2.25.4 (2.27.2 available)&#10;  firebase_core_web 2.11.4 (2.13.0 available)&#10;  firebase_storage 11.6.6 (11.6.11 available)&#10;  firebase_storage_platform_interface 5.1.9 (5.1.14 available)&#10;  firebase_storage_web 3.7.0 (3.8.1 available)&#10;  flutter_bloc 8.1.4 (8.1.5 available)&#10;  flutter_lints 3.0.1 (3.0.2 available)&#10;  frontend_server_client 3.2.0 (4.0.0 available)&#10;  google_fonts 6.1.0 (6.2.1 available)&#10;  google_identity_services_web 0.3.0+2 (0.3.1+1 available)&#10;  google_sign_in_android 6.1.21 (6.1.22 available)&#10;  google_sign_in_ios 5.7.4 (5.7.5 available)&#10;  google_sign_in_web 0.12.3+3 (0.12.4 available)&#10;  http 1.2.0 (1.2.1 available)&#10;  image_picker_android 0.8.9+3 (0.8.9+5 available)&#10;  image_picker_for_web 3.0.2 (3.0.3 available)&#10;  image_picker_ios 0.8.9+1 (0.8.9+2 available)&#10;  image_picker_platform_interface 2.9.3 (2.9.4 available)&#10;  intl 0.18.1 (0.19.0 available)&#10;  js 0.6.7 (0.7.1 available)&#10;  leak_tracker 10.0.0 (10.0.5 available)&#10;  leak_tracker_flutter_testing 2.0.1 (3.0.5 available)&#10;  leak_tracker_testing 2.0.1 (3.0.1 available)&#10;  logger 2.0.2+1 (2.2.0 available)&#10;  material_color_utilities 0.8.0 (0.11.1 available)&#10;  meta 1.11.0 (1.12.0 available)&#10;  permission_handler 11.3.0 (11.3.1 available)&#10;  permission_handler_apple 9.4.0 (9.4.4 available)&#10;  permission_handler_platform_interface 4.2.0 (4.2.1 available)&#10;  provider 6.1.1 (6.1.2 available)&#10;  reactive_forms 16.1.1 (17.0.0 available)&#10;  sqflite_common 2.5.3 (2.5.4 available)&#10;  test_api 0.6.1 (0.7.0 available)&#10;  vm_service 13.0.0 (14.2.0 available)&#10;  web 0.4.2 (0.5.1 available)&#10;  web_socket_channel 2.4.3 (2.4.4 available)&#10;  win32 5.2.0 (5.4.0 available)&#10;Got dependencies!&#10;50 packages have newer versions incompatible with dependency constraints.&#10;Try `flutter pub outdated` for more information.&#10;&#10;Running Gradle task &apos;assembleDevelopmentRelease&apos;...             &#10;You are applying Flutter&apos;s app_plugin_loader Gradle plugin imperatively using the apply script method, which is deprecated and will be removed in a future release. Migrate to applying Gradle plugins with the declarative plugins block: https://flutter.dev/go/flutter-gradle-plugin-apply&#10;&#10;e: C:/Users/Rady/.gradle/caches/transforms-3/c8ea606aaf2791795847920f9d8ce060/transformed/jetified-activity-1.7.2/jars/classes.jar!/META-INF/activity_release.kotlin_module: Module was compiled with an incompatible version of Kotlin. The binary version of its metadata is 1.8.0, expected version is 1.6.0.&#10;e: C:/Users/Rady/.gradle/caches/transforms-3/34e61ea5b2f45899158976540c480d41/transformed/lifecycle-livedata-2.6.1/jars/classes.jar!/META-INF/lifecycle-livedata_release.kotlin_module: Module was compiled with an incompatible version of Kotlin. The binary version of its metadata is 1.8.0, expected version is 1.6.0.&#10;e: C:/Users/Rady/.gradle/caches/transforms-3/24f0e239370a7db5265975d6df52e5ab/transformed/lifecycle-viewmodel-2.6.1/jars/classes.jar!/META-INF/lifecycle-viewmodel_release.kotlin_module: Module was compiled with an incompatible version of Kotlin. The binary version of its metadata is 1.8.0, expected version is 1.6.0.&#10;e: C:/Users/Rady/.gradle/caches/transforms-3/686bb6ff5fa141fc48940bc7c5dcde17/transformed/lifecycle-livedata-core-2.6.1/jars/classes.jar!/META-INF/lifecycle-livedata-core_release.kotlin_module: Module was compiled with an incompatible version of Kotlin. The binary version of its metadata is 1.8.0, expected version is 1.6.0.&#10;e: C:/Users/Rady/.gradle/caches/transforms-3/8ef4145649a3c7fb49eba76bd022d445/transformed/jetified-lifecycle-viewmodel-savedstate-2.6.1/jars/classes.jar!/META-INF/lifecycle-viewmodel-savedstate_release.kotlin_module: Module was compiled with an incompatible version of Kotlin. The binary version of its metadata is 1.8.0, expected version is 1.6.0.&#10;e: C:/Users/Rady/.gradle/caches/transforms-3/def4815acd33fd4006040a85a9e44403/transformed/jetified-core-ktx-1.10.1/jars/classes.jar!/META-INF/core-ktx_release.kotlin_module: Module was compiled with an incompatible version of Kotlin. The binary version of its metadata is 1.8.0, expected version is 1.6.0.&#10;e: C:/Users/Rady/.gradle/caches/transforms-3/cdd4fa9d08ccbc9c5512a016523fe321/transformed/core-1.10.1/jars/classes.jar!/META-INF/core_release.kotlin_module: Module was compiled with an incompatible version of Kotlin. The binary version of its metadata is 1.8.0, expected version is 1.6.0.&#10;e: C:/Users/Rady/.gradle/caches/transforms-3/fb036a12a36e2e4b9b49c4354b7d8e62/transformed/lifecycle-runtime-2.6.1/jars/classes.jar!/META-INF/lifecycle-runtime_release.kotlin_module: Module was compiled with an incompatible version of Kotlin. The binary version of its metadata is 1.8.0, expected version is 1.6.0.&#10;e: C:/Users/Rady/.gradle/caches/modules-2/files-2.1/androidx.lifecycle/lifecycle-common/2.6.1/10f354fdb64868baecd67128560c5a0d6312c495/lifecycle-common-2.6.1.jar!/META-INF/lifecycle-common.kotlin_module: Module was compiled with an incompatible version of Kotlin. The binary version of its metadata is 1.8.0, expected version is 1.6.0.&#10;e: C:/Users/Rady/.gradle/caches/modules-2/files-2.1/org.jetbrains.kotlinx/kotlinx-coroutines-core-jvm/1.7.3/2b09627576f0989a436a00a4a54b55fa5026fb86/kotlinx-coroutines-core-jvm-1.7.3.jar!/META-INF/kotlinx-coroutines-core.kotlin_module: Module was compiled with an incompatible version of Kotlin. The binary version of its metadata is 1.8.0, expected version is 1.6.0.&#10;e: C:/Users/Rady/.gradle/caches/modules-2/files-2.1/org.jetbrains.kotlinx/kotlinx-coroutines-android/1.7.3/38d9cad3a0b03a10453b56577984bdeb48edeed5/kotlinx-coroutines-android-1.7.3.jar!/META-INF/kotlinx-coroutines-android.kotlin_module: Module was compiled with an incompatible version of Kotlin. The binary version of its metadata is 1.8.0, expected version is 1.6.0.&#10;e: C:/Users/Rady/.gradle/caches/transforms-3/ed2173e5750029ced31f25d082b2759b/transformed/jetified-savedstate-1.2.1/jars/classes.jar!/META-INF/savedstate_release.kotlin_module: Module was compiled with an incompatible version of Kotlin. The binary version of its metadata is 1.8.0, expected version is 1.6.0.&#10;e: C:/Users/Rady/.gradle/caches/modules-2/files-2.1/org.jetbrains.kotlin/kotlin-stdlib/1.8.22/636bf8b320e7627482771bbac9ed7246773c02bd/kotlin-stdlib-1.8.22.jar!/META-INF/kotlin-stdlib-jdk7.kotlin_module: Module was compiled with an incompatible version of Kotlin. The binary version of its metadata is 1.8.0, expected version is 1.6.0.&#10;e: C:/Users/Rady/.gradle/caches/modules-2/files-2.1/org.jetbrains.kotlin/kotlin-stdlib/1.8.22/636bf8b320e7627482771bbac9ed7246773c02bd/kotlin-stdlib-1.8.22.jar!/META-INF/kotlin-stdlib.kotlin_module: Module was compiled with an incompatible version of Kotlin. The binary version of its metadata is 1.8.0, expected version is 1.6.0.&#10;e: C:/Users/Rady/.gradle/caches/modules-2/files-2.1/org.jetbrains.kotlin/kotlin-stdlib/1.8.22/636bf8b320e7627482771bbac9ed7246773c02bd/kotlin-stdlib-1.8.22.jar!/META-INF/kotlin-stdlib-jdk8.kotlin_module: Module was compiled with an incompatible version of Kotlin. The binary version of its metadata is 1.8.0, expected version is 1.6.0.&#10;e: C:/Users/Rady/.gradle/caches/modules-2/files-2.1/org.jetbrains.kotlin/kotlin-stdlib-common/1.8.22/1a8e3601703ae14bb58757ea6b2d8e8e5935a586/kotlin-stdlib-common-1.8.22.jar!/META-INF/kotlin-stdlib-common.kotlin_module: Module was compiled with an incompatible version of Kotlin. The binary version of its metadata is 1.8.0, expected version is 1.6.0.&#10;&#10;FAILURE: Build failed with an exception.&#10;&#10;* What went wrong:&#10;Execution failed for task &apos;:app:minifyDevelopmentReleaseWithR8&apos;.&#10;&gt; java.nio.file.FileSystemException: D:\Programming\Flutter\Projects\bns360_graduation_project\build\app\intermediates\dex\developmentRelease\minifyDevelopmentReleaseWithR8\classes.dex: The process cannot access the file because it is being used by another process&#10;&#10;* Try:&#10;&gt; Run with --stacktrace option to get the stack trace.&#10;&gt; Run with --info or --debug option to get more log output.&#10;&gt; Run with --scan to get full insights.&#10;&#10;* Get more help at https://help.gradle.org&#10;&#10;BUILD FAILED in 1m 36s&#10;Running Gradle task &apos;assembleDevelopmentRelease&apos;...                97.3s&#10;&#10;┌─ Flutter Fix ──────────────────────────────────────────────────────────────────────────────┐&#10;│ [!] Your project requires a newer version of the Kotlin Gradle plugin.                     │&#10;│ Find the latest version on https://kotlinlang.org/docs/releases.html#release-details, then │&#10;│ update D:\Programming\Flutter\Projects\bns360_graduation_project\android\build.gradle:     │&#10;│ ext.kotlin_version = &apos;&lt;latest-version&gt;&apos;                                                    │&#10;└────────────────────────────────────────────────────────────────────────────────────────────┘&#10;Gradle task assembleDevelopmentRelease failed with exit code 1&#10;" />
        
      </testcase>
    
  </testsuite>
</testsuites>
